28 Dec 12:41:44 - [33m[nodemon] v0.7.10[0m
28 Dec 12:41:44 - [33m[nodemon] to restart at any time, enter `rs`[0m
28 Dec 12:41:44 - [32m[nodemon] watching: /home/k0d3d/www/dk33p[0m
28 Dec 12:41:44 - [32m[nodemon] starting `node server.js`[0m
mongodb://localhost/ixit
IXIT File Server Started on port:3000
DB Connected
indexed 1 documents!
{ domain: null,
  _events: { finish: [Function], header: [Function] },
  _maxListeners: 10,
  output: [],
  outputEncodings: [],
  writable: true,
  _last: false,
  chunkedEncoding: false,
  shouldKeepAlive: true,
  useChunkedEncodingByDefault: true,
  sendDate: true,
  _hasBody: true,
  _trailer: '',
  finished: false,
  _hangupClose: false,
  socket: 
   { _connecting: false,
     _handle: 
      { fd: 22,
        writeQueueSize: 0,
        owner: [Circular],
        onread: [Function: onread],
        reading: true },
     _readableState: 
      { highWaterMark: 16384,
        buffer: [],
        length: 0,
        pipes: null,
        pipesCount: 0,
        flowing: false,
        ended: false,
        endEmitted: false,
        reading: true,
        calledRead: true,
        sync: false,
        needReadable: true,
        emittedReadable: false,
        readableListening: false,
        objectMode: false,
        ranOut: false,
        awaitDrain: 0,
        readingMore: false,
        decoder: null },
     readable: true,
     domain: null,
     _events: 
      { end: [Object],
        finish: [Function: onSocketFinish],
        _socketEnd: [Function: onSocketEnd],
        drain: [Function: ondrain],
        timeout: [Function],
        error: [Function],
        close: [Object] },
     _maxListeners: 10,
     _writableState: 
      { highWaterMark: 16384,
        objectMode: false,
        needDrain: false,
        ending: false,
        ended: false,
        finished: false,
        decodeStrings: false,
        length: 0,
        writing: false,
        sync: true,
        bufferProcessing: false,
        onwrite: [Function],
        writecb: null,
        writelen: 0,
        buffer: [] },
     writable: true,
     allowHalfOpen: true,
     onend: [Function],
     destroyed: false,
     errorEmitted: false,
     bytesRead: 471,
     _bytesDispatched: 0,
     _pendingData: null,
     _pendingEncoding: '',
     server: 
      { domain: null,
        _events: [Object],
        _maxListeners: 10,
        _connections: 1,
        connections: [Getter/Setter],
        _handle: [Object],
        _usingSlaves: false,
        _slaves: [],
        allowHalfOpen: true,
        httpAllowHalfOpen: false,
        timeout: 120000,
        _connectionKey: '4:0.0.0.0:3000' },
     _idleTimeout: 120000,
     _idleNext: 
      { _idleNext: [Circular],
        _idlePrev: [Circular],
        msecs: 120000,
        ontimeout: [Function: listOnTimeout] },
     _idlePrev: 
      { _idleNext: [Circular],
        _idlePrev: [Circular],
        msecs: 120000,
        ontimeout: [Function: listOnTimeout] },
     _idleStart: 1388230946440,
     parser: 
      { _headers: [],
        _url: '',
        onHeaders: [Function: parserOnHeaders],
        onHeadersComplete: [Function: parserOnHeadersComplete],
        onBody: [Function: parserOnBody],
        onMessageComplete: [Function: parserOnMessageComplete],
        socket: [Circular],
        incoming: [Object],
        maxHeaderPairs: 2000,
        onIncoming: [Function] },
     ondata: [Function],
     _httpMessage: [Circular] },
  connection: 
   { _connecting: false,
     _handle: 
      { fd: 22,
        writeQueueSize: 0,
        owner: [Circular],
        onread: [Function: onread],
        reading: true },
     _readableState: 
      { highWaterMark: 16384,
        buffer: [],
        length: 0,
        pipes: null,
        pipesCount: 0,
        flowing: false,
        ended: false,
        endEmitted: false,
        reading: true,
        calledRead: true,
        sync: false,
        needReadable: true,
        emittedReadable: false,
        readableListening: false,
        objectMode: false,
        ranOut: false,
        awaitDrain: 0,
        readingMore: false,
        decoder: null },
     readable: true,
     domain: null,
     _events: 
      { end: [Object],
        finish: [Function: onSocketFinish],
        _socketEnd: [Function: onSocketEnd],
        drain: [Function: ondrain],
        timeout: [Function],
        error: [Function],
        close: [Object] },
     _maxListeners: 10,
     _writableState: 
      { highWaterMark: 16384,
        objectMode: false,
        needDrain: false,
        ending: false,
        ended: false,
        finished: false,
        decodeStrings: false,
        length: 0,
        writing: false,
        sync: true,
        bufferProcessing: false,
        onwrite: [Function],
        writecb: null,
        writelen: 0,
        buffer: [] },
     writable: true,
     allowHalfOpen: true,
     onend: [Function],
     destroyed: false,
     errorEmitted: false,
     bytesRead: 471,
     _bytesDispatched: 0,
     _pendingData: null,
     _pendingEncoding: '',
     server: 
      { domain: null,
        _events: [Object],
        _maxListeners: 10,
        _connections: 1,
        connections: [Getter/Setter],
        _handle: [Object],
        _usingSlaves: false,
        _slaves: [],
        allowHalfOpen: true,
        httpAllowHalfOpen: false,
        timeout: 120000,
        _connectionKey: '4:0.0.0.0:3000' },
     _idleTimeout: 120000,
     _idleNext: 
      { _idleNext: [Circular],
        _idlePrev: [Circular],
        msecs: 120000,
        ontimeout: [Function: listOnTimeout] },
     _idlePrev: 
      { _idleNext: [Circular],
        _idlePrev: [Circular],
        msecs: 120000,
        ontimeout: [Function: listOnTimeout] },
     _idleStart: 1388230946440,
     parser: 
      { _headers: [],
        _url: '',
        onHeaders: [Function: parserOnHeaders],
        onHeadersComplete: [Function: parserOnHeadersComplete],
        onBody: [Function: parserOnBody],
        onMessageComplete: [Function: parserOnMessageComplete],
        socket: [Circular],
        incoming: [Object],
        maxHeaderPairs: 2000,
        onIncoming: [Function] },
     ondata: [Function],
     _httpMessage: [Circular] },
  _headers: 
   { 'x-powered-by': 'Express',
     'access-control-allow-credentials': 'true',
     'access-control-allow-methods': 'POST, GET, PUT, DELETE, OPTIONS' },
  _headerNames: 
   { 'x-powered-by': 'X-Powered-By',
     'access-control-allow-credentials': 'Access-Control-Allow-Credentials',
     'access-control-allow-methods': 'Access-Control-Allow-Methods' },
  req: 
   { _readableState: 
      { highWaterMark: 16384,
        buffer: [],
        length: 0,
        pipes: null,
        pipesCount: 0,
        flowing: false,
        ended: true,
        endEmitted: false,
        reading: false,
        calledRead: false,
        sync: true,
        needReadable: false,
        emittedReadable: false,
        readableListening: false,
        objectMode: false,
        ranOut: false,
        awaitDrain: 0,
        readingMore: false,
        decoder: null },
     readable: true,
     domain: null,
     _events: {},
     _maxListeners: 10,
     socket: 
      { _connecting: false,
        _handle: [Object],
        _readableState: [Object],
        readable: true,
        domain: null,
        _events: [Object],
        _maxListeners: 10,
        _writableState: [Object],
        writable: true,
        allowHalfOpen: true,
        onend: [Function],
        destroyed: false,
        errorEmitted: false,
        bytesRead: 471,
        _bytesDispatched: 0,
        _pendingData: null,
        _pendingEncoding: '',
        server: [Object],
        _idleTimeout: 120000,
        _idleNext: [Object],
        _idlePrev: [Object],
        _idleStart: 1388230946440,
        parser: [Object],
        ondata: [Function],
        _httpMessage: [Circular] },
     connection: 
      { _connecting: false,
        _handle: [Object],
        _readableState: [Object],
        readable: true,
        domain: null,
        _events: [Object],
        _maxListeners: 10,
        _writableState: [Object],
        writable: true,
        allowHalfOpen: true,
        onend: [Function],
        destroyed: false,
        errorEmitted: false,
        bytesRead: 471,
        _bytesDispatched: 0,
        _pendingData: null,
        _pendingEncoding: '',
        server: [Object],
        _idleTimeout: 120000,
        _idleNext: [Object],
        _idlePrev: [Object],
        _idleStart: 1388230946440,
        parser: [Object],
        ondata: [Function],
        _httpMessage: [Circular] },
     httpVersion: '1.1',
     complete: true,
     headers: 
      { host: '192.168.1.7:3000',
        connection: 'keep-alive',
        accept: 'text/html,application/xhtml+xml,application/xml;q=0.9,image/webp,*/*;q=0.8',
        'user-agent': 'Mozilla/5.0 (Windows NT 6.1; WOW64) AppleWebKit/537.36 (KHTML, like Gecko) Chrome/31.0.1650.63 Safari/537.36',
        'accept-encoding': 'gzip,deflate,sdch',
        'accept-language': 'en-GB,en-US;q=0.8,en;q=0.6',
        cookie: 'connect.sid=s%3ApZUnkNpOOHIV8N9hs3flLcTn.WFXbvizREkyqhYP%2FwzGnpPZ2tH0kkeKqFF%2FljFGOhQE' },
     trailers: {},
     _pendings: [],
     _pendingIndex: 0,
     url: '/download/86971014960',
     method: 'GET',
     statusCode: null,
     client: 
      { _connecting: false,
        _handle: [Object],
        _readableState: [Object],
        readable: true,
        domain: null,
        _events: [Object],
        _maxListeners: 10,
        _writableState: [Object],
        writable: true,
        allowHalfOpen: true,
        onend: [Function],
        destroyed: false,
        errorEmitted: false,
        bytesRead: 471,
        _bytesDispatched: 0,
        _pendingData: null,
        _pendingEncoding: '',
        server: [Object],
        _idleTimeout: 120000,
        _idleNext: [Object],
        _idlePrev: [Object],
        _idleStart: 1388230946440,
        parser: [Object],
        ondata: [Function],
        _httpMessage: [Circular] },
     _consuming: false,
     _dumped: false,
     httpVersionMajor: 1,
     httpVersionMinor: 1,
     upgrade: false,
     originalUrl: '/download/86971014960',
     _parsedUrl: 
      { protocol: null,
        slashes: null,
        auth: null,
        host: null,
        port: null,
        hostname: null,
        hash: null,
        search: null,
        query: null,
        pathname: '/download/86971014960',
        path: '/download/86971014960',
        href: '/download/86971014960' },
     query: {},
     res: [Circular],
     next: [Function: next],
     _startTime: Sat Dec 28 2013 12:42:26 GMT+0100 (WAT),
     secret: undefined,
     cookies: { 'connect.sid': 's:pZUnkNpOOHIV8N9hs3flLcTn.WFXbvizREkyqhYP/wzGnpPZ2tH0kkeKqFF/ljFGOhQE' },
     signedCookies: {},
     body: {},
     files: {},
     originalMethod: 'GET',
     sessionStore: 
      { db: [Object],
        db_collection_name: 'sessions',
        _serialize_session: [Function: stringify],
        _unserialize_session: [Function: parse],
        _get_collection: [Function],
        generate: [Function],
        _events: [Object],
        collection: [Object] },
     sessionID: 'pZUnkNpOOHIV8N9hs3flLcTn',
     session: { cookie: [Object], flash: {}, passport: {} },
     flash: [Function: _flash],
     isMobile: false,
     _passport: { instance: [Object], session: {} } },
  locals: 
   { [Function: locals]
     appName: 'IXIT - File Sharing and Hosting',
     title: 'IXIT - File Sharing and Hosting',
     req: 
      { _readableState: [Object],
        readable: true,
        domain: null,
        _events: {},
        _maxListeners: 10,
        socket: [Object],
        connection: [Object],
        httpVersion: '1.1',
        complete: true,
        headers: [Object],
        trailers: {},
        _pendings: [],
        _pendingIndex: 0,
        url: '/download/86971014960',
        method: 'GET',
        statusCode: null,
        client: [Object],
        _consuming: false,
        _dumped: false,
        httpVersionMajor: 1,
        httpVersionMinor: 1,
        upgrade: false,
        originalUrl: '/download/86971014960',
        _parsedUrl: [Object],
        query: {},
        res: [Circular],
        next: [Function: next],
        _startTime: Sat Dec 28 2013 12:42:26 GMT+0100 (WAT),
        secret: undefined,
        cookies: [Object],
        signedCookies: {},
        body: {},
        files: {},
        originalMethod: 'GET',
        sessionStore: [Object],
        sessionID: 'pZUnkNpOOHIV8N9hs3flLcTn',
        session: [Object],
        flash: [Function: _flash],
        isMobile: false,
        _passport: [Object] },
     isActive: [Function],
     formatDate: [Function: formatDate],
     formatDatetime: [Function: formatDatetime],
     stripScript: [Function: stripScript],
     createPagination: [Function: createPagination],
     info: [],
     errors: [],
     success: [],
     warning: [] },
  end: [Function],
  _render: [Function],
  render: [Function] }
28 Dec 12:43:29 - [nodemon] restarting due to changes...
28 Dec 12:43:29 - [nodemon] /home/k0d3d/www/dk33p/lib/downloader.js


28 Dec 12:43:29 - [32m[nodemon] starting `node server.js`[0m
mongodb://localhost/ixit
IXIT File Server Started on port:3000
DB Connected
indexed 1 documents!
{ domain: null,
  _events: { finish: [Function], header: [Function] },
  _maxListeners: 10,
  output: [],
  outputEncodings: [],
  writable: true,
  _last: false,
  chunkedEncoding: false,
  shouldKeepAlive: true,
  useChunkedEncodingByDefault: true,
  sendDate: true,
  _hasBody: true,
  _trailer: '',
  finished: false,
  _hangupClose: false,
  socket: 
   { _connecting: false,
     _handle: 
      { fd: 22,
        writeQueueSize: 0,
        owner: [Circular],
        onread: [Function: onread],
        reading: true },
     _readableState: 
      { highWaterMark: 16384,
        buffer: [],
        length: 0,
        pipes: null,
        pipesCount: 0,
        flowing: false,
        ended: false,
        endEmitted: false,
        reading: true,
        calledRead: true,
        sync: false,
        needReadable: true,
        emittedReadable: false,
        readableListening: false,
        objectMode: false,
        ranOut: false,
        awaitDrain: 0,
        readingMore: false,
        decoder: null },
     readable: true,
     domain: null,
     _events: 
      { end: [Object],
        finish: [Function: onSocketFinish],
        _socketEnd: [Function: onSocketEnd],
        drain: [Function: ondrain],
        timeout: [Function],
        error: [Function],
        close: [Object] },
     _maxListeners: 10,
     _writableState: 
      { highWaterMark: 16384,
        objectMode: false,
        needDrain: false,
        ending: false,
        ended: false,
        finished: false,
        decodeStrings: false,
        length: 0,
        writing: false,
        sync: true,
        bufferProcessing: false,
        onwrite: [Function],
        writecb: null,
        writelen: 0,
        buffer: [] },
     writable: true,
     allowHalfOpen: true,
     onend: [Function],
     destroyed: false,
     errorEmitted: false,
     bytesRead: 471,
     _bytesDispatched: 0,
     _pendingData: null,
     _pendingEncoding: '',
     server: 
      { domain: null,
        _events: [Object],
        _maxListeners: 10,
        _connections: 1,
        connections: [Getter/Setter],
        _handle: [Object],
        _usingSlaves: false,
        _slaves: [],
        allowHalfOpen: true,
        httpAllowHalfOpen: false,
        timeout: 120000,
        _connectionKey: '4:0.0.0.0:3000' },
     _idleTimeout: 120000,
     _idleNext: 
      { _idleNext: [Circular],
        _idlePrev: [Circular],
        msecs: 120000,
        ontimeout: [Function: listOnTimeout] },
     _idlePrev: 
      { _idleNext: [Circular],
        _idlePrev: [Circular],
        msecs: 120000,
        ontimeout: [Function: listOnTimeout] },
     _idleStart: 1388231081819,
     parser: 
      { _headers: [],
        _url: '',
        onHeaders: [Function: parserOnHeaders],
        onHeadersComplete: [Function: parserOnHeadersComplete],
        onBody: [Function: parserOnBody],
        onMessageComplete: [Function: parserOnMessageComplete],
        socket: [Circular],
        incoming: [Object],
        maxHeaderPairs: 2000,
        onIncoming: [Function] },
     ondata: [Function],
     _httpMessage: [Circular] },
  connection: 
   { _connecting: false,
     _handle: 
      { fd: 22,
        writeQueueSize: 0,
        owner: [Circular],
        onread: [Function: onread],
        reading: true },
     _readableState: 
      { highWaterMark: 16384,
        buffer: [],
        length: 0,
        pipes: null,
        pipesCount: 0,
        flowing: false,
        ended: false,
        endEmitted: false,
        reading: true,
        calledRead: true,
        sync: false,
        needReadable: true,
        emittedReadable: false,
        readableListening: false,
        objectMode: false,
        ranOut: false,
        awaitDrain: 0,
        readingMore: false,
        decoder: null },
     readable: true,
     domain: null,
     _events: 
      { end: [Object],
        finish: [Function: onSocketFinish],
        _socketEnd: [Function: onSocketEnd],
        drain: [Function: ondrain],
        timeout: [Function],
        error: [Function],
        close: [Object] },
     _maxListeners: 10,
     _writableState: 
      { highWaterMark: 16384,
        objectMode: false,
        needDrain: false,
        ending: false,
        ended: false,
        finished: false,
        decodeStrings: false,
        length: 0,
        writing: false,
        sync: true,
        bufferProcessing: false,
        onwrite: [Function],
        writecb: null,
        writelen: 0,
        buffer: [] },
     writable: true,
     allowHalfOpen: true,
     onend: [Function],
     destroyed: false,
     errorEmitted: false,
     bytesRead: 471,
     _bytesDispatched: 0,
     _pendingData: null,
     _pendingEncoding: '',
     server: 
      { domain: null,
        _events: [Object],
        _maxListeners: 10,
        _connections: 1,
        connections: [Getter/Setter],
        _handle: [Object],
        _usingSlaves: false,
        _slaves: [],
        allowHalfOpen: true,
        httpAllowHalfOpen: false,
        timeout: 120000,
        _connectionKey: '4:0.0.0.0:3000' },
     _idleTimeout: 120000,
     _idleNext: 
      { _idleNext: [Circular],
        _idlePrev: [Circular],
        msecs: 120000,
        ontimeout: [Function: listOnTimeout] },
     _idlePrev: 
      { _idleNext: [Circular],
        _idlePrev: [Circular],
        msecs: 120000,
        ontimeout: [Function: listOnTimeout] },
     _idleStart: 1388231081819,
     parser: 
      { _headers: [],
        _url: '',
        onHeaders: [Function: parserOnHeaders],
        onHeadersComplete: [Function: parserOnHeadersComplete],
        onBody: [Function: parserOnBody],
        onMessageComplete: [Function: parserOnMessageComplete],
        socket: [Circular],
        incoming: [Object],
        maxHeaderPairs: 2000,
        onIncoming: [Function] },
     ondata: [Function],
     _httpMessage: [Circular] },
  _headers: 
   { 'x-powered-by': 'Express',
     'access-control-allow-credentials': 'true',
     'access-control-allow-methods': 'POST, GET, PUT, DELETE, OPTIONS' },
  _headerNames: 
   { 'x-powered-by': 'X-Powered-By',
     'access-control-allow-credentials': 'Access-Control-Allow-Credentials',
     'access-control-allow-methods': 'Access-Control-Allow-Methods' },
  req: 
   { _readableState: 
      { highWaterMark: 16384,
        buffer: [],
        length: 0,
        pipes: null,
        pipesCount: 0,
        flowing: false,
        ended: true,
        endEmitted: false,
        reading: false,
        calledRead: false,
        sync: true,
        needReadable: false,
        emittedReadable: false,
        readableListening: false,
        objectMode: false,
        ranOut: false,
        awaitDrain: 0,
        readingMore: false,
        decoder: null },
     readable: true,
     domain: null,
     _events: {},
     _maxListeners: 10,
     socket: 
      { _connecting: false,
        _handle: [Object],
        _readableState: [Object],
        readable: true,
        domain: null,
        _events: [Object],
        _maxListeners: 10,
        _writableState: [Object],
        writable: true,
        allowHalfOpen: true,
        onend: [Function],
        destroyed: false,
        errorEmitted: false,
        bytesRead: 471,
        _bytesDispatched: 0,
        _pendingData: null,
        _pendingEncoding: '',
        server: [Object],
        _idleTimeout: 120000,
        _idleNext: [Object],
        _idlePrev: [Object],
        _idleStart: 1388231081819,
        parser: [Object],
        ondata: [Function],
        _httpMessage: [Circular] },
     connection: 
      { _connecting: false,
        _handle: [Object],
        _readableState: [Object],
        readable: true,
        domain: null,
        _events: [Object],
        _maxListeners: 10,
        _writableState: [Object],
        writable: true,
        allowHalfOpen: true,
        onend: [Function],
        destroyed: false,
        errorEmitted: false,
        bytesRead: 471,
        _bytesDispatched: 0,
        _pendingData: null,
        _pendingEncoding: '',
        server: [Object],
        _idleTimeout: 120000,
        _idleNext: [Object],
        _idlePrev: [Object],
        _idleStart: 1388231081819,
        parser: [Object],
        ondata: [Function],
        _httpMessage: [Circular] },
     httpVersion: '1.1',
     complete: true,
     headers: 
      { host: '192.168.1.7:3000',
        connection: 'keep-alive',
        accept: 'text/html,application/xhtml+xml,application/xml;q=0.9,image/webp,*/*;q=0.8',
        'user-agent': 'Mozilla/5.0 (Windows NT 6.1; WOW64) AppleWebKit/537.36 (KHTML, like Gecko) Chrome/31.0.1650.63 Safari/537.36',
        'accept-encoding': 'gzip,deflate,sdch',
        'accept-language': 'en-GB,en-US;q=0.8,en;q=0.6',
        cookie: 'connect.sid=s%3ApZUnkNpOOHIV8N9hs3flLcTn.WFXbvizREkyqhYP%2FwzGnpPZ2tH0kkeKqFF%2FljFGOhQE' },
     trailers: {},
     _pendings: [],
     _pendingIndex: 0,
     url: '/download/86971014960',
     method: 'GET',
     statusCode: null,
     client: 
      { _connecting: false,
        _handle: [Object],
        _readableState: [Object],
        readable: true,
        domain: null,
        _events: [Object],
        _maxListeners: 10,
        _writableState: [Object],
        writable: true,
        allowHalfOpen: true,
        onend: [Function],
        destroyed: false,
        errorEmitted: false,
        bytesRead: 471,
        _bytesDispatched: 0,
        _pendingData: null,
        _pendingEncoding: '',
        server: [Object],
        _idleTimeout: 120000,
        _idleNext: [Object],
        _idlePrev: [Object],
        _idleStart: 1388231081819,
        parser: [Object],
        ondata: [Function],
        _httpMessage: [Circular] },
     _consuming: false,
     _dumped: false,
     httpVersionMajor: 1,
     httpVersionMinor: 1,
     upgrade: false,
     originalUrl: '/download/86971014960',
     _parsedUrl: 
      { protocol: null,
        slashes: null,
        auth: null,
        host: null,
        port: null,
        hostname: null,
        hash: null,
        search: null,
        query: null,
        pathname: '/download/86971014960',
        path: '/download/86971014960',
        href: '/download/86971014960' },
     query: {},
     res: [Circular],
     next: [Function: next],
     _startTime: Sat Dec 28 2013 12:44:41 GMT+0100 (WAT),
     secret: undefined,
     cookies: { 'connect.sid': 's:pZUnkNpOOHIV8N9hs3flLcTn.WFXbvizREkyqhYP/wzGnpPZ2tH0kkeKqFF/ljFGOhQE' },
     signedCookies: {},
     body: {},
     files: {},
     originalMethod: 'GET',
     sessionStore: 
      { db: [Object],
        db_collection_name: 'sessions',
        _serialize_session: [Function: stringify],
        _unserialize_session: [Function: parse],
        _get_collection: [Function],
        generate: [Function],
        _events: [Object],
        collection: [Object] },
     sessionID: 'pZUnkNpOOHIV8N9hs3flLcTn',
     session: { cookie: [Object], flash: {}, passport: {} },
     flash: [Function: _flash],
     isMobile: false,
     _passport: { instance: [Object], session: {} } },
  locals: 
   { [Function: locals]
     appName: 'IXIT - File Sharing and Hosting',
     title: 'IXIT - File Sharing and Hosting',
     req: 
      { _readableState: [Object],
        readable: true,
        domain: null,
        _events: {},
        _maxListeners: 10,
        socket: [Object],
        connection: [Object],
        httpVersion: '1.1',
        complete: true,
        headers: [Object],
        trailers: {},
        _pendings: [],
        _pendingIndex: 0,
        url: '/download/86971014960',
        method: 'GET',
        statusCode: null,
        client: [Object],
        _consuming: false,
        _dumped: false,
        httpVersionMajor: 1,
        httpVersionMinor: 1,
        upgrade: false,
        originalUrl: '/download/86971014960',
        _parsedUrl: [Object],
        query: {},
        res: [Circular],
        next: [Function: next],
        _startTime: Sat Dec 28 2013 12:44:41 GMT+0100 (WAT),
        secret: undefined,
        cookies: [Object],
        signedCookies: {},
        body: {},
        files: {},
        originalMethod: 'GET',
        sessionStore: [Object],
        sessionID: 'pZUnkNpOOHIV8N9hs3flLcTn',
        session: [Object],
        flash: [Function: _flash],
        isMobile: false,
        _passport: [Object] },
     isActive: [Function],
     formatDate: [Function: formatDate],
     formatDatetime: [Function: formatDatetime],
     stripScript: [Function: stripScript],
     createPagination: [Function: createPagination],
     info: [],
     errors: [],
     success: [],
     warning: [] },
  end: [Function],
  _render: [Function],
  render: [Function],
  issueDownload: [Function] }
28 Dec 12:45:48 - [nodemon] restarting due to changes...
28 Dec 12:45:48 - [nodemon] /home/k0d3d/www/dk33p/lib/downloader.js


28 Dec 12:45:48 - [32m[nodemon] starting `node server.js`[0m
mongodb://localhost/ixit
IXIT File Server Started on port:3000
DB Connected
indexed 1 documents!
28 Dec 12:47:10 - [nodemon] restarting due to changes...
28 Dec 12:47:10 - [nodemon] /home/k0d3d/www/dk33p/lib/downloader.js


28 Dec 12:47:10 - [32m[nodemon] starting `node server.js`[0m
mongodb://localhost/ixit
IXIT File Server Started on port:3000
DB Connected
indexed 1 documents!
28 Dec 12:47:31 - [32m[nodemon] restarting child process[0m
28 Dec 12:47:31 - [nodemon] exception in nodemon killing node
28 Dec 12:47:31 - [32m[nodemon] starting `node server.js`[0m
mongodb://localhost/ixit
IXIT File Server Started on port:3000
DB Connected
indexed 1 documents!
Mongoose default connection disconnected
Mongoose default connection disconnected through app termination
28 Dec 12:54:41 - [nodemon] exiting
